Jun 17 23:29 : update: added /GMS - XXL (New Version).mp3
Jun 17 23:29 : update: added /You Think You Want It.mp3
Jun 17 23:29 : update: added /Gms_-_LordofTheRings__Wrecked_.mp3
Jun 17 23:29 : update: added /Waiting For The Time.mp3
Jun 17 23:29 : update: added /Looking Back.mp3
Jun 17 23:29 : update: added /Total Fantasy.mp3
Jun 17 23:29 : update: added /GMS_-_XXL__New_Version_.mp3
Jun 17 23:29 : update: added Savall Le Concert des Nations Bach J.S. Musical Offering/14. Canon 1 a 2 Quaerendo inventietis (9B).flac
Jun 17 23:29 : update: added Savall Le Concert des Nations Bach J.S. Musical Offering/17. Canon 4 (B) Augmentationem, contrario Motu.flac
Jun 17 23:29 : update: added Savall Le Concert des Nations Bach J.S. Musical Offering/01. Thema Regium.flac
Jun 17 23:29 : update: added Savall Le Concert des Nations Bach J.S. Musical Offering/20. Ricercar a 6.flac
Jun 17 23:29 : update: added Savall Le Concert des Nations Bach J.S. Musical Offering/10. II. Allegro.flac
Jun 17 23:29 : update: added Savall Le Concert des Nations Bach J.S. Musical Offering/08. Ricercar a 6.flac
Jun 17 23:29 : update: added Savall Le Concert des Nations Bach J.S. Musical Offering/06. Canon 3 a 2 per Motum contrarium.flac
Jun 17 23:29 : update: added Savall Le Concert des Nations Bach J.S. Musical Offering/03. Canon perpetuus super Thema Regium.flac
Jun 17 23:29 : update: added Savall Le Concert des Nations Bach J.S. Musical Offering/18. Canon perpetuus [per just intervali] (8).flac
Jun 17 23:29 : update: added Savall Le Concert des Nations Bach J.S. Musical Offering/05. Canon 2 a 2 Violini in unisono.flac
Jun 17 23:29 : update: added Savall Le Concert des Nations Bach J.S. Musical Offering/07. Canon 4 (A) Augmentationem, contrario Motu.flac
Jun 17 23:29 : update: added Savall Le Concert des Nations Bach J.S. Musical Offering/02. Ricercar a 3.flac
Jun 17 23:29 : update: added Savall Le Concert des Nations Bach J.S. Musical Offering/13. Canon 1 a 2 Quaerendo inventietis (9A).flac
Jun 17 23:29 : update: added Savall Le Concert des Nations Bach J.S. Musical Offering/12. IV. Allegro.flac
Jun 17 23:29 : update: added Savall Le Concert des Nations Bach J.S. Musical Offering/04. Canon 1 a 2 (cancrizans).flac
Jun 17 23:29 : update: added Savall Le Concert des Nations Bach J.S. Musical Offering/16. Fuga canonica in Epidiapente (6).flac
Jun 17 23:29 : update: added Savall Le Concert des Nations Bach J.S. Musical Offering/19. Canon a 4 (10).flac
Jun 17 23:29 : update: added Savall Le Concert des Nations Bach J.S. Musical Offering/15. Canon 5 a 2 per Tonos [Acsendenteque Modulatione ascendat Gloria Regis].flac
Jun 17 23:29 : update: added Savall Le Concert des Nations Bach J.S. Musical Offering/09. Sonata sopr'Il Soggetto Reale - I. Largo.flac
Jun 17 23:29 : update: added Savall Le Concert des Nations Bach J.S. Musical Offering/11. III. Andante.flac
Jun 17 23:29 : update: added /David Gueta - The World is Mine (GMS Rmx).mp3
Jun 17 23:29 : update: added /GMS - Juice (requiem for a dream).mp3
Jun 17 23:29 : update: added /Spinnin Out.mp3
Jun 17 23:29 : update: added Skazi/Skazi vs Eskimo - Light of God.mp3
Jun 17 23:29 : update: added Skazi/Skazy - Super Skazi.mp3
Jun 17 23:29 : update: added Skazi/Skazi - The Death Arrives-brandilly.mp3
Jun 17 23:29 : update: added Skazi/Unknown Album/00. anarchy.mp3
Jun 17 23:29 : update: added Skazi/7-Void - F.u.c.k The System (Skazi Remix).mp3
Jun 17 23:29 : update: added Skazi/Skazi vs. Ami - Never Again.mp3
Jun 17 23:29 : update: added Skazi/06_-_Skazi_-_I_Like_To_Move_It.mp3
Jun 17 23:29 : update: added Skazi/Skazi_Vs_Psychotic_Micro_-_Terroryzer-iR-CA.mp3
Jun 17 23:29 : update: added Skazi/skazi_-_acelera.mp3
Jun 17 23:29 : update: added Skazi/skazi_and_cpu_-_highest_party.mp3
Jun 17 23:29 : update: added Skazi/skazi - Passion.mp3
Jun 17 23:29 : update: added Skazi/Skazi - Tuning.mp3
Jun 17 23:29 : update: added /Out Again.mp3
Jun 17 23:29 : update: added /Magic Words.mp3
Jun 17 23:29 : update: added /T.I. - Yeah Ya Know.mp3
Jun 17 23:29 : update: added /GMS vs D-Tek - Los Dorados (Sesto Sento Rmx).mp3
Jun 17 23:29 : update: added /clubbed to death - Matrix soundtrack.mp3
Jun 17 23:29 : update: added /krumelur_-_minimal_animal.mp3
Jun 17 23:29 : update: added /Closer To Where You Want Me.mp3
Jun 17 23:29 : update: added System Of A Down/02 Know.mp3
Jun 17 23:29 : update: added System Of A Down/06 DDevil.mp3
Jun 17 23:29 : update: added System Of A Down/12 Darts.mp3
Jun 17 23:29 : update: added System Of A Down/03 Sugar.mp3
Jun 17 23:29 : update: added System Of A Down/01 Suite-Pee.mp3
Jun 17 23:29 : update: added System Of A Down/05 Spiders.mp3
Jun 17 23:29 : update: added System Of A Down/11CUBErt.mp3
Jun 17 23:29 : update: added System Of A Down/09 Mind.mp3
Jun 17 23:29 : update: added System Of A Down/13 P.L.U.C.K..mp3
Jun 17 23:29 : update: added System Of A Down/08 War.mp3
Jun 17 23:29 : update: added System Of A Down/07 Soil.mp3
Jun 17 23:29 : update: added System Of A Down/04 Suggestions.mp3
Jun 17 23:29 : update: added System Of A Down/10 Peephole.mp3
Jun 17 23:29 : update: added /Xenomorph & Penta - Pentango.mp3
Jun 17 23:29 : update: added /03-gms_-_jaws-upe.mp3
Jun 17 23:29 : update: added Ringtones/Sublunar.aac
Jun 17 23:29 : update: added Ringtones/FlyingColours.aac
Jun 17 23:29 : update: added Ringtones/Ploptic.aac
Jun 17 23:29 : update: added Ringtones/Astrum.aac
Jun 17 23:29 : update: added Ringtones/Terrestial.aac
Jun 17 23:29 : update: added Ringtones/IceTone.aac
Jun 17 23:29 : update: added Ringtones/Transcend.aac
Jun 17 23:29 : update: added Ringtones/Beep.aac
Jun 17 23:29 : update: added Ringtones/OuterSpace.aac
Jun 17 23:29 : update: added Ringtones/Solenoid.aac
Jun 17 23:29 : update: added Ringtones/Bicycle.aac
Jun 17 23:29 : update: added Ringtones/Astrosphere.aac
Jun 17 23:29 : update: added Ringtones/Temporal.aac
Jun 17 23:29 : update: added Ringtones/Atmos.aac
Jun 17 23:29 : update: added Ringtones/Earthen.aac
Jun 17 23:29 : update: added Ringtones/Lumina.aac
Jun 17 23:29 : update: added Ringtones/Subtile.aac
Jun 17 23:29 : update: added Ringtones/Tinker.aac
Jun 17 23:29 : update: added Ringtones/Telegraph.aac
Jun 17 23:29 : update: added Ringtones/Electra.aac
Jun 17 23:29 : update: added Ringtones/Low.aac
Jun 17 23:29 : update: added Ringtones/MirrorImage.aac
Jun 17 23:29 : update: added Ringtones/Gradient.aac
Jun 17 23:29 : update: added /GMS_-_Tudo_Mundo.mp3
Jun 17 23:29 : update: added /03. Xenomorph-Sociopath.mp3
Jun 17 23:29 : update: added gms/07-gms_vs_wrecked_machines_-_rounders_astrix_remix-mycel.mp3
Jun 17 23:29 : update: added gms/Something For Your Mind (GMS Rmx).mp3
Jun 17 23:29 : update: added gms/08-poli_vs_dizzy_mind_vs_spiritual_enhancer_-_dig_music_gms_remix-mycel.mp3
Jun 17 23:29 : update: added gms/GMS vs Perplex - Psychedelic Lover.mp3
Jun 17 23:29 : update: added gms/01.GMS - Life After.mp3
Jun 17 23:29 : update: added gms/04. GMS - Lord of the Rings.mp3
Jun 17 23:29 : update: added gms/GMS vs Domestic - Yo Mama.mp3
Jun 17 23:29 : update: added gms/05-gms_vs_shanti_and_poli_-_brothers_love-mycel.mp3
Jun 17 23:29 : update: added gms/05. GMS - The Last Block.mp3
Jun 17 23:29 : update: added gms/GMS & Raja Ram- Psy Trance.mp3
Jun 17 23:29 : update: added gms/DJ Yasser Hanzi - Skazi ft[1]. Isabelle - Revolution (GMS rmx).mp3
Jun 17 23:29 : update: added gms/04. GMS - Houston We Have a Problem.mp3
Jun 17 23:29 : update: added gms/Pop Stream vs GMS - Switchback (Enjy mix).mp3
Jun 17 23:29 : update: added gms/05. GMS vs Skazi - Shagadelic (Amanda mix).mp3
Jun 17 23:29 : update: added gms/03-gms_vs_shanti_-_track03-mycel.mp3
Jun 17 23:29 : update: added gms/Skazi vs GMS - star wars(COMUNIDADE SKAZI - BRASIL).mp3
Jun 17 23:29 : update: added gms/Gms Vs Dado Vs Dimitri Nakov Vs Dino Psaras - Dddr&Bdaghemxj.mp3
Jun 17 23:29 : update: added gms/01-gms_-_dream_machine-mycel.mp3
Jun 17 23:29 : update: added gms/GMS - Animatrix.mp3
Jun 17 23:29 : update: added gms/01-junky_xl_-_beauty_never_fades_(gms_vs_pixel_vs_domestic_rmx)-ja.mp3
Jun 17 23:29 : update: added gms/Gms Vs Skazi Vs Parasense - Boom Shankar.mp3
Jun 17 23:29 : update: added gms/04-gms_vs_gbu_-_guided_bomb-mycel.mp3
Jun 17 23:29 : update: added gms/Goa - Sun Project - Elevator (skazi gms talamasca sun project 1200 micrograms suria goa gil infected psy trance astra.mp3
Jun 17 23:29 : update: added gms/GMS_-_We_Want_Your_Soul.mp3
Jun 17 23:29 : update: added gms/02-gms_vs_wrecked_machines_-_growling_machines_remix-mycel.mp3
Jun 17 23:29 : update: added gms/Infected Mushroom vs GMS - Death Killer (UNR).mp3
Jun 17 23:29 : update: added gms/06. GMS - Look Out.mp3
Jun 17 23:29 : update: added gms/03. GMS - Jaws.mp3
Jun 17 23:29 : update: added gms/06-gms_vs_dado_dino_and_shanti_-_this_is_a_test-mycel.mp3
Jun 17 23:29 : update: added /Love Sounds.mp3
Jun 17 23:29 : update: added Dino Psaras/09-Dino Psaras - 80s Virus - ThOm(2).mp3
Jun 17 23:29 : update: added Dino Psaras/Dino Psaras - Revolver.mp3
Jun 17 23:29 : update: added Dino Psaras/01-dino_psaras_vs_michelle_adamson_-_firewall-its.mp3
Jun 17 23:29 : update: added Dino Psaras/06-Dino Psaras - the eyes - ThOm.mp3
Jun 17 23:29 : update: added Dino Psaras/Dino_Psaras_-_TBA.mp3
Jun 17 23:29 : update: added Dino Psaras/Dino Psaras - Questions.mp3
Jun 17 23:29 : update: added Dino Psaras/Dino Psaras - Confessions Of Dangerous Minds.mp3
Jun 17 23:29 : update: added Dino Psaras/08-Dino Psaras - noodles - ThOm.mp3
Jun 17 23:29 : update: added Dino Psaras/07-Dino Psaras - triple X - ThOm.mp3
Jun 17 23:29 : update: added Dino Psaras/dino_psaras_-_plastic_faces.mp3
Jun 17 23:29 : update: added Dino Psaras/03. Perplex vs Dino - Sex Drug (Space Cat Remix).mp3
Jun 17 23:29 : update: added Dino Psaras/Perplex vs. Dino Psaras - Drugs Slider (Remix).mp3
Jun 17 23:29 : update: added Dino Psaras/01-Dino Psaras - riddum - ThOm.mp3
Jun 17 23:29 : update: added Dino Psaras/Dino Psaras - Where Words Fail.mp3
Jun 17 23:29 : update: added Dino Psaras/04-Dino Psaras - old cool tweakers - ThOm.mp3
Jun 17 23:29 : update: added Dino Psaras/Dino Psaras vs Space Cat - Where Words Fail Music Speaks.mp3
Jun 17 23:29 : update: added Dino Psaras/Dino Psaras vs Deedrah - Perfume.mp3
Jun 17 23:29 : update: added Dino Psaras/Dino_Psaras_-_Voice.mp3
Jun 17 23:29 : update: added Dino Psaras/05-Dino Psaras - ear candy - ThOm.mp3
Jun 17 23:29 : update: added /T.I. Ft. Keri Hilson - Got Your Back.mp3
Jun 17 23:30 : update: added /GMS - XXL (New Version).mp3
Jun 17 23:30 : update: added /You Think You Want It.mp3
Jun 17 23:30 : update: added /Gms_-_LordofTheRings__Wrecked_.mp3
Jun 17 23:30 : update: added /Waiting For The Time.mp3
Jun 17 23:30 : update: added /Looking Back.mp3
Jun 17 23:30 : update: added /Total Fantasy.mp3
Jun 17 23:30 : update: added /GMS_-_XXL__New_Version_.mp3
Jun 17 23:30 : update: added Savall Le Concert des Nations Bach J.S. Musical Offering/14. Canon 1 a 2 Quaerendo inventietis (9B).flac
Jun 17 23:30 : update: added Savall Le Concert des Nations Bach J.S. Musical Offering/17. Canon 4 (B) Augmentationem, contrario Motu.flac
Jun 17 23:30 : update: added Savall Le Concert des Nations Bach J.S. Musical Offering/01. Thema Regium.flac
Jun 17 23:30 : update: added Savall Le Concert des Nations Bach J.S. Musical Offering/20. Ricercar a 6.flac
Jun 17 23:30 : update: added Savall Le Concert des Nations Bach J.S. Musical Offering/10. II. Allegro.flac
Jun 17 23:30 : update: added Savall Le Concert des Nations Bach J.S. Musical Offering/08. Ricercar a 6.flac
Jun 17 23:30 : update: added Savall Le Concert des Nations Bach J.S. Musical Offering/06. Canon 3 a 2 per Motum contrarium.flac
Jun 17 23:30 : update: added Savall Le Concert des Nations Bach J.S. Musical Offering/03. Canon perpetuus super Thema Regium.flac
Jun 17 23:30 : update: added Savall Le Concert des Nations Bach J.S. Musical Offering/18. Canon perpetuus [per just intervali] (8).flac
Jun 17 23:30 : update: added Savall Le Concert des Nations Bach J.S. Musical Offering/05. Canon 2 a 2 Violini in unisono.flac
Jun 17 23:30 : update: added Savall Le Concert des Nations Bach J.S. Musical Offering/07. Canon 4 (A) Augmentationem, contrario Motu.flac
Jun 17 23:30 : update: added Savall Le Concert des Nations Bach J.S. Musical Offering/02. Ricercar a 3.flac
Jun 17 23:30 : update: added Savall Le Concert des Nations Bach J.S. Musical Offering/13. Canon 1 a 2 Quaerendo inventietis (9A).flac
Jun 17 23:30 : update: added Savall Le Concert des Nations Bach J.S. Musical Offering/12. IV. Allegro.flac
Jun 17 23:30 : update: added Savall Le Concert des Nations Bach J.S. Musical Offering/04. Canon 1 a 2 (cancrizans).flac
Jun 17 23:30 : update: added Savall Le Concert des Nations Bach J.S. Musical Offering/16. Fuga canonica in Epidiapente (6).flac
Jun 17 23:30 : update: added Savall Le Concert des Nations Bach J.S. Musical Offering/19. Canon a 4 (10).flac
Jun 17 23:30 : update: added Savall Le Concert des Nations Bach J.S. Musical Offering/15. Canon 5 a 2 per Tonos [Acsendenteque Modulatione ascendat Gloria Regis].flac
Jun 17 23:30 : update: added Savall Le Concert des Nations Bach J.S. Musical Offering/09. Sonata sopr'Il Soggetto Reale - I. Largo.flac
Jun 17 23:30 : update: added Savall Le Concert des Nations Bach J.S. Musical Offering/11. III. Andante.flac
Jun 17 23:30 : update: added /David Gueta - The World is Mine (GMS Rmx).mp3
Jun 17 23:30 : update: added /GMS - Juice (requiem for a dream).mp3
Jun 17 23:30 : update: added /Spinnin Out.mp3
Jun 17 23:30 : update: added Skazi/Skazi vs Eskimo - Light of God.mp3
Jun 17 23:30 : update: added Skazi/Skazy - Super Skazi.mp3
Jun 17 23:30 : update: added Skazi/Skazi - The Death Arrives-brandilly.mp3
Jun 17 23:30 : update: added Skazi/Unknown Album/00. anarchy.mp3
Jun 17 23:30 : update: added Skazi/7-Void - F.u.c.k The System (Skazi Remix).mp3
Jun 17 23:30 : update: added Skazi/Skazi vs. Ami - Never Again.mp3
Jun 17 23:30 : update: added Skazi/06_-_Skazi_-_I_Like_To_Move_It.mp3
Jun 17 23:30 : update: added Skazi/Skazi_Vs_Psychotic_Micro_-_Terroryzer-iR-CA.mp3
Jun 17 23:30 : update: added Skazi/skazi_-_acelera.mp3
Jun 17 23:30 : update: added Skazi/skazi_and_cpu_-_highest_party.mp3
Jun 17 23:30 : update: added Skazi/skazi - Passion.mp3
Jun 17 23:30 : update: added Skazi/Skazi - Tuning.mp3
Jun 17 23:30 : update: added /Out Again.mp3
Jun 17 23:30 : update: added /Magic Words.mp3
Jun 17 23:30 : update: added /T.I. - Yeah Ya Know.mp3
Jun 17 23:30 : update: added /GMS vs D-Tek - Los Dorados (Sesto Sento Rmx).mp3
Jun 17 23:30 : update: added /clubbed to death - Matrix soundtrack.mp3
Jun 17 23:30 : update: added /krumelur_-_minimal_animal.mp3
Jun 17 23:30 : update: added /Closer To Where You Want Me.mp3
Jun 17 23:30 : update: added System Of A Down/02 Know.mp3
Jun 17 23:30 : update: added System Of A Down/06 DDevil.mp3
Jun 17 23:30 : update: added System Of A Down/12 Darts.mp3
Jun 17 23:30 : update: added System Of A Down/03 Sugar.mp3
Jun 17 23:30 : update: added System Of A Down/01 Suite-Pee.mp3
Jun 17 23:30 : update: added System Of A Down/05 Spiders.mp3
Jun 17 23:30 : update: added System Of A Down/11CUBErt.mp3
Jun 17 23:30 : update: added System Of A Down/09 Mind.mp3
Jun 17 23:30 : update: added System Of A Down/13 P.L.U.C.K..mp3
Jun 17 23:30 : update: added System Of A Down/08 War.mp3
Jun 17 23:30 : update: added System Of A Down/07 Soil.mp3
Jun 17 23:30 : update: added System Of A Down/04 Suggestions.mp3
Jun 17 23:30 : update: added System Of A Down/10 Peephole.mp3
Jun 17 23:30 : update: added /Xenomorph & Penta - Pentango.mp3
Jun 17 23:30 : update: added /03-gms_-_jaws-upe.mp3
Jun 17 23:30 : update: added Ringtones/Sublunar.aac
Jun 17 23:30 : update: added Ringtones/FlyingColours.aac
Jun 17 23:30 : update: added Ringtones/Ploptic.aac
Jun 17 23:30 : update: added Ringtones/Astrum.aac
Jun 17 23:30 : update: added Ringtones/Terrestial.aac
Jun 17 23:30 : update: added Ringtones/IceTone.aac
Jun 17 23:30 : update: added Ringtones/Transcend.aac
Jun 17 23:30 : update: added Ringtones/Beep.aac
Jun 17 23:30 : update: added Ringtones/OuterSpace.aac
Jun 17 23:30 : update: added Ringtones/Solenoid.aac
Jun 17 23:30 : update: added Ringtones/Bicycle.aac
Jun 17 23:30 : update: added Ringtones/Astrosphere.aac
Jun 17 23:30 : update: added Ringtones/Temporal.aac
Jun 17 23:30 : update: added Ringtones/Atmos.aac
Jun 17 23:30 : update: added Ringtones/Earthen.aac
Jun 17 23:30 : update: added Ringtones/Lumina.aac
Jun 17 23:30 : update: added Ringtones/Subtile.aac
Jun 17 23:30 : update: added Ringtones/Tinker.aac
Jun 17 23:30 : update: added Ringtones/Telegraph.aac
Jun 17 23:30 : update: added Ringtones/Electra.aac
Jun 17 23:30 : update: added Ringtones/Low.aac
Jun 17 23:30 : update: added Ringtones/MirrorImage.aac
Jun 17 23:30 : update: added Ringtones/Gradient.aac
Jun 17 23:30 : update: added /GMS_-_Tudo_Mundo.mp3
Jun 17 23:30 : update: added /03. Xenomorph-Sociopath.mp3
Jun 17 23:30 : update: added gms/07-gms_vs_wrecked_machines_-_rounders_astrix_remix-mycel.mp3
Jun 17 23:30 : update: added gms/Something For Your Mind (GMS Rmx).mp3
Jun 17 23:30 : update: added gms/08-poli_vs_dizzy_mind_vs_spiritual_enhancer_-_dig_music_gms_remix-mycel.mp3
Jun 17 23:30 : update: added gms/GMS vs Perplex - Psychedelic Lover.mp3
Jun 17 23:30 : update: added gms/01.GMS - Life After.mp3
Jun 17 23:30 : update: added gms/04. GMS - Lord of the Rings.mp3
Jun 17 23:30 : update: added gms/GMS vs Domestic - Yo Mama.mp3
Jun 17 23:30 : update: added gms/05-gms_vs_shanti_and_poli_-_brothers_love-mycel.mp3
Jun 17 23:30 : update: added gms/05. GMS - The Last Block.mp3
Jun 17 23:30 : update: added gms/GMS & Raja Ram- Psy Trance.mp3
Jun 17 23:30 : update: added gms/DJ Yasser Hanzi - Skazi ft[1]. Isabelle - Revolution (GMS rmx).mp3
Jun 17 23:30 : update: added gms/04. GMS - Houston We Have a Problem.mp3
Jun 17 23:30 : update: added gms/Pop Stream vs GMS - Switchback (Enjy mix).mp3
Jun 17 23:30 : update: added gms/05. GMS vs Skazi - Shagadelic (Amanda mix).mp3
Jun 17 23:30 : update: added gms/03-gms_vs_shanti_-_track03-mycel.mp3
Jun 17 23:30 : update: added gms/Skazi vs GMS - star wars(COMUNIDADE SKAZI - BRASIL).mp3
Jun 17 23:30 : update: added gms/Gms Vs Dado Vs Dimitri Nakov Vs Dino Psaras - Dddr&Bdaghemxj.mp3
Jun 17 23:30 : update: added gms/01-gms_-_dream_machine-mycel.mp3
Jun 17 23:30 : update: added gms/GMS - Animatrix.mp3
Jun 17 23:30 : update: added gms/01-junky_xl_-_beauty_never_fades_(gms_vs_pixel_vs_domestic_rmx)-ja.mp3
Jun 17 23:30 : update: added gms/Gms Vs Skazi Vs Parasense - Boom Shankar.mp3
Jun 17 23:30 : update: added gms/04-gms_vs_gbu_-_guided_bomb-mycel.mp3
Jun 17 23:30 : update: added gms/Goa - Sun Project - Elevator (skazi gms talamasca sun project 1200 micrograms suria goa gil infected psy trance astra.mp3
Jun 17 23:30 : update: added gms/GMS_-_We_Want_Your_Soul.mp3
Jun 17 23:30 : update: added gms/02-gms_vs_wrecked_machines_-_growling_machines_remix-mycel.mp3
Jun 17 23:30 : update: added gms/Infected Mushroom vs GMS - Death Killer (UNR).mp3
Jun 17 23:30 : update: added gms/06. GMS - Look Out.mp3
Jun 17 23:30 : update: added gms/03. GMS - Jaws.mp3
Jun 17 23:30 : update: added gms/06-gms_vs_dado_dino_and_shanti_-_this_is_a_test-mycel.mp3
Jun 17 23:30 : update: added /Love Sounds.mp3
Jun 17 23:30 : update: added Dino Psaras/09-Dino Psaras - 80s Virus - ThOm(2).mp3
Jun 17 23:30 : update: added Dino Psaras/Dino Psaras - Revolver.mp3
Jun 17 23:30 : update: added Dino Psaras/01-dino_psaras_vs_michelle_adamson_-_firewall-its.mp3
Jun 17 23:30 : update: added Dino Psaras/06-Dino Psaras - the eyes - ThOm.mp3
Jun 17 23:30 : update: added Dino Psaras/Dino_Psaras_-_TBA.mp3
Jun 17 23:30 : update: added Dino Psaras/Dino Psaras - Questions.mp3
Jun 17 23:30 : update: added Dino Psaras/Dino Psaras - Confessions Of Dangerous Minds.mp3
Jun 17 23:30 : update: added Dino Psaras/08-Dino Psaras - noodles - ThOm.mp3
Jun 17 23:30 : update: added Dino Psaras/07-Dino Psaras - triple X - ThOm.mp3
Jun 17 23:30 : update: added Dino Psaras/dino_psaras_-_plastic_faces.mp3
Jun 17 23:30 : update: added Dino Psaras/03. Perplex vs Dino - Sex Drug (Space Cat Remix).mp3
Jun 17 23:30 : update: added Dino Psaras/Perplex vs. Dino Psaras - Drugs Slider (Remix).mp3
Jun 17 23:30 : update: added Dino Psaras/01-Dino Psaras - riddum - ThOm.mp3
Jun 17 23:30 : update: added Dino Psaras/Dino Psaras - Where Words Fail.mp3
Jun 17 23:30 : update: added Dino Psaras/04-Dino Psaras - old cool tweakers - ThOm.mp3
Jun 17 23:30 : update: added Dino Psaras/Dino Psaras vs Space Cat - Where Words Fail Music Speaks.mp3
Jun 17 23:30 : update: added Dino Psaras/Dino Psaras vs Deedrah - Perfume.mp3
Jun 17 23:30 : update: added Dino Psaras/Dino_Psaras_-_Voice.mp3
Jun 17 23:30 : update: added Dino Psaras/05-Dino Psaras - ear candy - ThOm.mp3
Jun 17 23:30 : update: added /T.I. Ft. Keri Hilson - Got Your Back.mp3
Jun 17 23:30 : can't find alsa mixer control "PCM"
Jun 17 23:32 : can't find alsa mixer control "PCM"
Jun 17 23:45 : can't find alsa mixer control "PCM"
Jun 17 23:59 : can't find alsa mixer control "PCM"
Jun 18 00:03 : can't find alsa mixer control "PCM"
Jun 18 00:05 : can't find alsa mixer control "PCM"
